<?xml version="1.0" encoding="UTF-8"?>
<!-- Generated by org.testng.reporters.JUnitReportReporter -->
<testsuite hostname="DESKTOP-HADT1D5" failures="0" tests="7" name="com.tutorialsninja.testcases.LoginTest" time="16.501" errors="0" timestamp="2023-01-18T11:03:21 IST" skipped="0">
  <testcase classname="com.tutorialsninja.testcases.LoginTest" name="verifyLoginWithValidCred" time="2.323"/>
  <system-out/>
  <testcase classname="com.tutorialsninja.testcases.LoginTest" name="verifyLoginWithValidCred" time="2.301"/>
  <system-out/>
  <testcase classname="com.tutorialsninja.testcases.LoginTest" name="verifyLoginWithValidCred" time="2.319"/>
  <system-out/>
  <testcase classname="com.tutorialsninja.testcases.LoginTest" name="verifyLoginWithInValidCred" time="2.324"/>
  <system-out/>
  <testcase classname="com.tutorialsninja.testcases.LoginTest" name="verifyLoginWithInValidEmailAndValidPassCred" time="2.731"/>
  <system-out/>
  <testcase classname="com.tutorialsninja.testcases.LoginTest" name="verifyLoginWithValidEmailAndInValidPassCred" time="2.267"/>
  <system-out/>
  <testcase classname="com.tutorialsninja.testcases.LoginTest" name="verifyLoginWithoutCred" time="2.236"/>
  <system-out/>
</testsuite> <!-- com.tutorialsninja.testcases.LoginTest -->
