<?xml version="1.0" encoding="UTF-8"?>
<!-- Generated by org.testng.reporters.JUnitReportReporter -->
<testsuite hostname="DESKTOP-HADT1D5" failures="0" tests="4" name="com.tutorialsninja.testcases.RegisterTests" time="12.024" errors="0" timestamp="2023-01-18T11:20:09 IST" skipped="0">
  <testcase classname="com.tutorialsninja.testcases.RegisterTests" name="verifyRegisteringWithMandatoryFields" time="3.076"/>
  <system-out/>
  <testcase classname="com.tutorialsninja.testcases.RegisterTests" name="verifyRegisteringWithAllFields" time="3.504"/>
  <system-out/>
  <testcase classname="com.tutorialsninja.testcases.RegisterTests" name="verifyRegisteringWithExistingEmailAddress" time="2.899"/>
  <system-out/>
  <testcase classname="com.tutorialsninja.testcases.RegisterTests" name="verifyRegisterWithoutFillingAnyDetails" time="2.545"/>
  <system-out/>
</testsuite> <!-- com.tutorialsninja.testcases.RegisterTests -->
