<?xml version="1.0" encoding="UTF-8"?>
<!-- Generated by org.testng.reporters.JUnitReportReporter -->
<testsuite hostname="DESKTOP-HADT1D5" failures="0" tests="4" name="com.tutorialsninja.testcases.RegisterTest" time="14.563" errors="0" timestamp="2023-01-18T15:13:07 IST" skipped="0">
  <testcase classname="com.tutorialsninja.testcases.RegisterTest" name="verifyRegisteringWithMandatoryFields" time="3.776"/>
  <system-out/>
  <testcase classname="com.tutorialsninja.testcases.RegisterTest" name="verifyRegisteringWithAllFields" time="3.526"/>
  <system-out/>
  <testcase classname="com.tutorialsninja.testcases.RegisterTest" name="verifyRegisteringWithExistingEmailAddress" time="3.476"/>
  <system-out/>
  <testcase classname="com.tutorialsninja.testcases.RegisterTest" name="verifyRegisterWithoutFillingAnyDetails" time="3.785"/>
  <system-out/>
</testsuite> <!-- com.tutorialsninja.testcases.RegisterTest -->
