<?xml version="1.0" encoding="UTF-8"?>
<!-- Generated by org.testng.reporters.JUnitReportReporter -->
<testsuite hostname="DESKTOP-HADT1D5" failures="0" tests="7" name="com.tutorialsninja.testcases.LoginTest" time="18.613" errors="0" timestamp="2023-01-18T15:13:07 IST" skipped="0">
  <testcase classname="com.tutorialsninja.testcases.LoginTest" name="verifyLoginWithValidCred" time="2.943"/>
  <system-out/>
  <testcase classname="com.tutorialsninja.testcases.LoginTest" name="verifyLoginWithValidCred" time="2.812"/>
  <system-out/>
  <testcase classname="com.tutorialsninja.testcases.LoginTest" name="verifyLoginWithValidCred" time="2.315"/>
  <system-out/>
  <testcase classname="com.tutorialsninja.testcases.LoginTest" name="verifyLoginWithInValidCred" time="2.809"/>
  <system-out/>
  <testcase classname="com.tutorialsninja.testcases.LoginTest" name="verifyLoginWithInValidEmailAndValidPassCred" time="2.816"/>
  <system-out/>
  <testcase classname="com.tutorialsninja.testcases.LoginTest" name="verifyLoginWithValidEmailAndInValidPassCred" time="2.520"/>
  <system-out/>
  <testcase classname="com.tutorialsninja.testcases.LoginTest" name="verifyLoginWithoutCred" time="2.398"/>
  <system-out/>
</testsuite> <!-- com.tutorialsninja.testcases.LoginTest -->
